8X4510177uu18JiUfwoCmg6HvJQBYmeUjCoXscJHPgJsVW3J2sTxVRiz3o+JPxqd8gbTfL4Of1KjkRKie6gqp8fPzEung4s+tQEzujtyswk=
4oh5nfWa6yFwmtIoA4YHK2h0k9Ui5K+E/boqLCINSE0W+2ZujZyL2s0j9bw7J76z+AJzT1idlMb0iOSf2fy+37H/cqmFX23z0jqF/eP9FDtWcftFKlU/WJF5XF455F+zGoyvMorh6z30NSNpWyipw9s0T0izLw==
4oh5nfWa6yFwmtIoA4YHK2h0k9Ui5K+E/boqLCINSE0W+2ZujZyL2s0j9bw7J76z+AJzT1idlMb0iOSf2fy+37H/cqmFX23z0jqF/eP9FDtWcftFKlU/WJF5XF455F+zGoyvMorh6z30NSNpWyipw9s0T0izLw==
oYbCUx8ed2Ft9CaF7sCvXhHwceNAc3KpuDEXxJ2rN7XGfkhz0iuOF6vpSj6fdbfZxhWMeO4xBPPX78oPlyV9sxg=
U+kFmNlECuSfabfK+kYEuGI9m0Oai+rQ29r2RQsm2oyGi1kmf+2IC7/f8V2HPgWf3L7fQW84V+UkgdxWY2V+vPI+gz6blQKek/xpa59rPNcvdyuSTUVjRhNmswU=
OImkc5Ne+RvLcO20rMxMmRZq66/TFsEv1g6ODbsytelaErqigLg+vqMqQYS9yP3H8zninifFP1hOZXQYBmHcs+/f4i+PNXWzEA==
WuU5TPUt1BZoVMDcFISC7SYziATcsfy14eDQY1E31oqTlEAPOuvCCKCgv1OUcUmK3L7RR2B9Duk+jd5WYG5wvPYmjz6blQKek/xoa59rPNcvdyuSTUVjRhNmswU=
/D/PystsA/mT+opYDyv26Bdw7a/PDsAv1g6ODbsytelaErqigLg+vqMqQYS9yP3H8zninifFP1hOZXQYBmHcs+/f4i+PNXWzEA==
4NqipipIYUL1L9Neeq1o2kFzl9MscEybVAHm75LG0r0XalGJ/qoWMvwwuj4nor0UEXBZJ5fhTi77jfsYiq0o6Gq5+JMLpw4/sz1xsxQ=
SGlEpSrebiS740W/gk3iaEFzl9IscEybVAHm75LG0r0XalGJ/qoWMvwwuj4nor0UEXBZJ5fhTi77jfsYiq0o6Gq5+JMLpw4/sz1xsxQ=
280eOhJqS/nWwoR+dKLW3kMAtPMXeSCH8Zc0tx/hEO/h4AB4oaVUcxbTUlseBITQ+DZKQF98z3s6hJ/KCJnbNdR9s/GbMLkLO7w/cLMX
hE2iV5pwSSGJJqPEzQWiOEMAtPIXeSCH8Zc0tx/hEO/h4AB4oaVUcxbTUlseBITQ+DZKQF98z3s6hJ/KCJnbNdR9s/GbMLkLO7w/cLMX
N6L+IBblSIFr8uHEBNONShRw7a/PDsAv1g6ODbsytelaErqigLg+vqMqQYS9yP3H8zninifFP1hOZXQYBmHcs+/f4i+PNXWzEA==
IcuK1DXheOG4t4RjKw8lhvctNglVOD0TPI8UR9ypi1QRI7M1QvbE406zandPkbZOUz1zmAJdQEjSCSDT8/fWH5stebMc
a9h0ftNjZjxE4P9GOvVGIvctNglVOD0TPIsWSdypi1QRI7M1QvbE406zandPkbZOUz1zmAJdQEjSCSDT8/fWH5stebMc
bF9GsUnmKJ7W8US7zj6p5tG70I+EsA6KxURPr7Y22NeUzQh2D/EfrTqQ13cKqEeGyNUDmWTxKx373OHHC5AnfLMb
05S2GL+lkmr0a2rOWRpqcpGTh++VDSi/sMAj8jWL5MeZTjpAn2hSFgF908jXnZ2iZyxLNejNFmG5gGnDCOPK6aABXyQl+9+1rq7wExobltcTeYIeh4UfWC4llJimofyzzx+Cr291VbMw
/0BVG/Nno6l/npxD4oYolJyzTw1KpHa8NZdfPKyFLM6+mdZMJwQ87vO+ipIeRCnpyy1xpKqO52G9GRFlQwDo1E201QNUR4eDlRVfhust4ibjROjT79Pcb1/P66o9fYN+Y16zPQ==
5ccgx3rAlZ2GMUWV9k7zSjHe5PvT8cM9bd3TNrhiRmGEUl4WDWXH+KO1gUJbRB/lHPVaIXV43ZNcSzZJPGnr1LFjUzUiNmRjrvMKd2/RVs4z/VOY4h3gyHJJwNPTN3afe21Zszw=
Uo4Z4Ddwviw0slgWIffpEiy9lQathGIWMZ3jiGd9LSL3zJt1uC0GYamguYNYQ1pp0KGvZFXbL7XejgDTartmV4PZUt7XpQ9YPkVEWPbBbDN/fzJvXxVlswA=
Q0csktPvEW4z4PxpyGIvUMkSiGRQhmA3s5FmFjWV/5iLRUkCE5S3hYRlwqHt6EUzNJv+CXRZA/TJU6s1WgacQ8bDwrcngb5uq23LGHqNeCjaGQgTm0def0MdYbME
TKYYynNSiXDGqCH0E943j+Ahp0FhtEEthJFmFjWV/5iLRUkCE5S3hYRlwqHt6EUzNJv+CXRZA/TJU6s1WgacQ8bDwrcngb5uq23LGHqNeCjaGQgTm0def0MdYbME
yU7J62Gl63WbJyI+BA4WPvrAoBn2jzM/4JazGXkAHcm/smU4IR0iiWTBSwTja+I3iLmCFVUsDx/t9RxKWpuQjzSHUa1oNo2B7XhcYV4wzDV+I21LSGdFEWezAg==
uzg/qTFT+gqWwnzFGIKW02h0k9Ui5K+E/boqLCINSE0W+2ZujZyL2s0j9bw7J76z+AJzT1idlMb0iOSf2fy+37H/cqmFX23z0jqF/eP9FDtWcftFKlU/WJF5XF455F+zGoyvMo/h6z30NSNpWyipw9s0T0izLw==
3Tb77j5LlZ+y7ZIgecUn9+Z9eH0/wgfGkoSXmOBrAhDJ4YrpHpAbqxtBzsXkOix2GdaMt7eh04m8mwRuR+0+zoxTWlMBlHhdVRheCr/iOfaf9P3tTw89/bBAt0fKOOd2yqKjCSTBy017DMG3ywBHTLMr
jIbKD7OGRdwC1+vf+zGfQCM7KZ4Vfm0gOl25HUN0XW6hj0hZdBR1pM2NKgEojbXWFHlZ3bpolli2kdx9aKQWf8OTgOkSmnKv/LCF7DTKrByudgNO/iZ/C2ct6sapucMHGHEEMmTsC3+5ebCGH9aqegshPXS6AeW1vkNb4GwgMGPDWZLeFyXPWvnFBFi2QSwzP/9yb5+VpbPA
CuGyTqF3SPE8zhJuHcWBaBK/On25gH8SfT8qEqNfqlJGO/N3W3gRIJvMr+Hw40am4AXTZGX2J+7DWOAVAxMXPdmljes6Acg+EA8eFB+Ejj4+jDzC+cZkov2L5alwTlMNUZeKhb5a/kjp39vdam6loviq2ZVHPGDFp/X8h4GoFhTis5EtqDbNAa16G+EeMIy1PiMty4hnhZGns8I=
kxbioTJKTTOhi5s2+pUqFbC4Spr0hqyl3inBnuDb9QJazMaz6eYobifhhU8hbF+rFvJoONqy8REuNQMPL/HchfU7Bc80DR8tYjaYYRxbpOcsyLIzeDDLpu+pgux/BE9hO9/+WaJUr0hL49IqIH0iYhvWqJd/ylVfYTjEScYXC9pzafIKS/Cq6Nd3bKNXG0s25XlTkouqs8E=
aWJIIkaCgr0V6WrUQAUwfTaprzwYhpjgvrjIZMku/9fsde7W95CqHhVeG597lg0Sb3nCxBByBnyxU2rz56JjphB5Vm1dZcijf0/G0DD7cOVUdbi+Crnkvkskay8KlvOa39NPSWazHjoP6q9FunCMg5IwT2BQXSOElZ2lfoxzCslbqEe/KiA33koK8xFEubslOyTxj2uYl6Szww==
QEiamOIVXhsiWoSF3W7qxGyKLa35IGDwjv2s9cQ0wjLC4Jxv27XguFMqPDh5dFXzDZ+4TKunns8FZGXNsOSObpc3diqfh/UbbEHf6apqyFXkd8SDBDSCJ2A8y6LntZIYR2hvRdPjjg16mO8MAz8CnljRwoazqhgD50bV2+mkVD1++6t+G9UC3hO8aiwfKzyXrzcrUs2FY4aTprPF
5UDkpZMKYdLjDuriOcFXpzaprzwYhpjgvrjIZMku/9fsde7W95CqHhVeG597lg0Sb3nCxBByBnyxU2rzy7VjsRF2S21dZcijf0/G0DD7cOVUdbi+Crnkvkskay8KlvOa39NPSWazHjoP6q9FunCMg5IwT2BQXSOElZ2lfoxzCslbqEe/KiA33koK8xFEubslOyTxj2uYl6Szww==
0s7wYWvrEyT0ETIWxULY5myKLa35IGDwjv2s9cQ0wjLC4Jxv27XgvlMqPDh/dFXzDZ+4TKunns8FZGXNoeKMe5Mjdiqfh/UbbEHf6apqyFXkd8SDBDSCJ2A8y6LntZIYR2hvRdPjjg16mO8MAz8CnljRwoazqhgD50bV2+mkVD1++6t+G9UC3hO8aiwfKzyXrzcrUs2FY4aTprPF
ahtw/JwmzjvwXYUyNxqHMyM7KZ4Vfm0gOl25HUN0XW6hj0hZdBR1otzVchE+huGJE3pM9PwL0Rqhycs9bJYRadaOgOkSmnKv/LCF7DTKrByudgNO/iZ/C2ct6sapucMHGHEEMmTsC3+5ebCGH9aqegshPXS6AeW1vkNb4GwgMGPDWZLeFyXPWvnFBFi2QSwzP/9yb5+VpbPA
k9CZ5ITUOm6VKhtMQxYjrCM7KZ4Vfm0gOl25HUN0XW6hj0hZdBR1otzVchE+huGJE3pM9PwL0Rqhycs9ZYUbdNaMgOkSmnKv/LCF7DTKrByudgNO/iZ/C2ct6sapucMHGHEEMmTsC3+5ebCGH9aqegshPXS6AeW1vkNb4GwgMGPDWZLeFyXPWvnFBFi2QSwzP/9yb5+VpbPA
r3Cl3nizDwIH7yKhzxRQUkxMsq2X+0Qbx+dzTms+PUK1GP8DS15BEEVIifjJxWsj6Mz9XVFMMZ++PL8mRIVvgY2sgal5SzeUhvEEdlTP2lxTtHIGWqzY2uXWaKr5i+GhfF5PFbW37r1CarIALR+flaaeGdpcSn0N26zsTSN1eA8NOIqMRtM11RRGgclpOl8p0gDwjdoDSdOUd4mZo7PG
M9YZWBVYcXV+Hm1wqOPSa+Z9eH0/wgfGkoSXmOBrAhDJ4YrpHpAbqxtBzsXkOix2GdaMt7eh04m8mwRuR+0+zoxTWlMBlHhdVRheCr/iOfab/erqTw89/bBAt0fKOOd2zKKjCSTBy017DMG3ywBHTLMr
gOZ35UjCha7xuhn8ApMOyX0pOx2/MjCr6gkJ2W9eGtCMLYKqyuX+wgMh0vKb2Cmx5/+Mm8dzC64VsfPq2wKzGQ==
xpj4b0I39HLgPVS9GETSfmsWx7IXWwJ7z4XtWadIz262IBCa0s1ZBQeqmlwUiTIWArEervslwu6z7Gl9vxv8Z0/nqwKt9SO2M3azFQ==
OPbjAzv8SUP+rHLtE02iM6+M4hj8kiQopo2VHmMCdY27smUqNhZ4k2iPSBfjbO0tlbveFBA9FgXbumtaXI6NiDiGUa1oNo2B7XlaYV4wzDV+I21LSGdFEWezAg==
PCLZdBv9QFsc5ZGw/SFi5FJx9r6GWrpp0FfJROc5t+scQLq1nKEJ+rl+Voan3PrW8zninifFP19IZXQYBmHcs+/f4i+PNXWzEA==
HPoU9dFEYgsnji0D3fRf1K6M4hj8kiQopo2VHmMCdY27smUqNhZ4k2iPSBfjbO0tlbveFBA9FgXbumtaXI6NiDiGUa1oNo2B7X9aYV4wzDV+I21LSGdFEWezAg==
PCLZdBv9QFsc5ZGw/SFi5FJx9r6GWrpp0FfJROc5t+scQLq1nKEJ+rl+Voan3PrW8zninifFP19IZXQYBmHcs+/f4i+PNXWzEA==
Z1RfhbiAtRLz9l7/XxSpS6+M4hj8kiQopo2VHmMCdY27smUqNhZ4k2iPSBfjbO0tlbveFBA9FgXbumtaXI6NiDiGUa1oNo2B7X9aYV4wzDV+I21LSGdFEWezAg==
cjdwC5VasXdWPY/Rg8C++1Jx9r6GWrpp0FfJROc5t+scQLq1nKEJ+rl+Voan3PrW8zninifFP15IZXQYBmHcs+/f4i+PNXWzEA==
njeaiSWC9gkqa6Ib3RUde66M4hj8kiQopo2VHmMCdY27smUqNhZ4k2iPSBfjbO0tlbveFBA9FgXbumtaXI6NiDiGUa1oNo2B7X5aYV4wzDV+I21LSGdFEWezAg==
cjdwC5VasXdWPY/Rg8C++1Jx9r6GWrpp0FfJROc5t+scQLq1nKEJ+rl+Voan3PrW8zninifFP15IZXQYBmHcs+/f4i+PNXWzEA==
a1QEGyY4+Qs4+CgrkqG0LK+M4hj8kiQopo2VHmMCdY27smUqNhZ4k2iPSBfjbO0tlbveFBA9FgXbumtaXI6NiDiGUa1oNo2B7X5aYV4wzDV+I21LSGdFEWezAg==
cjdwC5VasXdWPY/Rg8C++1Jx9r6GWrpp0FfJROc5t+scQLq1nKEJ+rl+Voan3PrW8zninifFP15IZXQYBmHcs+/f4i+PNXWzEA==
njeaiSWC9gkqa6Ib3RUde66M4hj8kiQopo2VHmMCdY27smUqNhZ4k2iPSBfjbO0tlbveFBA9FgXbumtaXI6NiDiGUa1oNo2B7X5aYV4wzDV+I21LSGdFEWezAg==
trkMKU5Kh9m9R8Bv3Xamtztw2o5roGwPdEpMWxbmxa9WDgsc3M2Bk2+6DfdY8ejQ5GeqDW9bLqPZo2IOFUDgojHhPfnPDG+rerR/2guOuwQWLRMBG4BZW3tMH2CzBw==
bfMjyzP3zOKnAakMHW9Ge87RUkHLkaU+ij8oliEVVX1vSIffqgD3PktqszDGWftFO4Qxr+v41wSzYw==
fqkKtUwsIbZ7kEHA7Y2++I9d8kREad3BNHTEIZs7jcWcZlk5Qbs3mQvieJ2iQ5EjnNfxyQuzbg==
Sw3LV8mqXsn79oe89rRtWh+zeuFcYXO7qSFU1IL+N7/9P08j3jWEAqvpSj6fdbfbwRWNeu4xBPPX78oPlyV9sxg=
EZj8pxvrXHIepLjXqFPfyvctNglVOD0TPI8UR9ypi1QRI7M1QvbE406zandPkbZOUz1zngVdQUrSCSDT8/fWH5stebMc
z9v71DBRHG70FTupqt8eKDthThp2YmkyY/GSwrvILsAHrk4rZ+OLXnVhs9r7ErNp
U/+FRR3x8qmIzuHSJphWic7RUkHLkaU+ij8oliEVVX1vSIffqgD3Pk5qszDGWftFO4Qxr+v41wSzYw==
biW0qEM+eyEqmRFs0cgafY9d8kREad3BNHTEIZs7jcWcZlk5Qb43mQvieJ2iQ5EjnNfxyQuzbg==
c0kA/5LeXi3POp3iw4jFw/rAoBn2jzM/4JazGXkAHcm/smU4IR0iiWTBSwTja+IzireCFVUsDx/t9RxKWpuQjzSHUa1oNo2B7X5bYV8yzDV+I21LSGdFEWezAg==
Rt683s6pdV97JjvcXVDk0OAhp0FhtEEthJFmFjWV/5iLRUkCE5S3hYRlwqHt6EUzNJ/8B3RZA/TJU6s1WgacQ8bDwrcngb5uq23LHn2NeSraGQgTm0def0MdYbME
IdTOHWBn0OAWoWNE32HNKMkSiGRQhmA3s5FmFjWV/5iLRUkCE5S3hYRlwqHt6EUzNJ/8B3RZA/TJU6s1WgacQ8bDwrcngb5uq23LHn2NeSraGQgTm0def0MdYbME
HNTbox26u2DDuZE4RQ+muSy9lQathGIWMZ3jiGd9LSL3zJt1uC0GYamguYNYR1hn0KGvZFXbL7XejgDTartmV4PZUt7XpQ9eOUVFWvbBbDN/fzJvXxVlswA=
iAlfbWS3nvR7J6FWTpKSqjHe5PvT8cM9bd3TNrhiRmGEUl4WDWXH+KO1gUJbRB/lHPVaIXV43ZNcTzRHPGnr1LFjUzUiNmRjrvMKd2/RVs4z/VOe5R3hynJJwNPTN3afe21Zszw=
+mUw3ihoUEuVsVpTKwGz8JyzTw1KpHa8NZdfPKyFLM6+mdZMJwQ87vO+ipIeRCnpyy1xpKqO52G5Gx9lQwDo1E201QNUR4eDlRVfhust4ibjRO7U79Leb1/P66o9fYN+Y16zPQ==
G52DB9AihKB7GVClkHl8SpGTh++VDSi/sMAj8jWL5MeZTjpAn2hSFgF908jXnZ2iZyxLNejNFmG5gGnDCOfI56ABXyQl+9+1rq7wExobltcTeYIeh4UfXikllZqmofyzzx+Cr291VbMw
EilPj3Y3hygrNq61Uu66Zwl+bz9ce25+TeGGoEQFOva3uedQLrXOPFEuKcXx5ApvievfN0sw48mJ2Sxxv2yiBHlox38q4LceTkpzUEb5O2U7ZHFPa1gXZLMD
