nM8heBwoKjnerE+hmexZUQ6HvJQBYmeUjCoXscJHPgJsVW3J2sTxVRiz3o+JPxqd8gbTfL4Of1KjkRKie6gtpcfIzEung4s+tQEzujtyswk=
630nrCq2bZzRFp9KrzRp9mh0k9Ui5K+E/boqLCINSE0W+2ZujZyL2s0j9bw7J76z+AJzT1idlMb0iOSf2fy+37H/cqmFX23z0jqF/eP9FDtWcftFKlU/WJF5XF455F+zGoyvMo3j6zr0NSNpWyipw9s0T0izLw==
630nrCq2bZzRFp9KrzRp9mh0k9Ui5K+E/boqLCINSE0W+2ZujZyL2s0j9bw7J76z+AJzT1idlMb0iOSf2fy+37H/cqmFX23z0jqF/eP9FDtWcftFKlU/WJF5XF455F+zGoyvMo3j6zr0NSNpWyipw9s0T0izLw==
ruGpkT717k/Ryjth+MCnnxHwceNAc3KpuDEXxJ2rN7XGfkhz0iuOF6vpSj6fdbfbxxWLeO4xBPPX78oPlyV9sxg=
0w7Vr2pXhFOYicX8nFsKvJGTh++VDSi/sMAj8jWL5MeZTjpAn2hSFgF908jXnZ2iZyxLNejNFmG5gGnDCOPK6aABXyQl+9+1rq7wExobltcTeYIeh4UfWi8lk5imofyzzx+Cr291VbMw
BASqT6gknnQ3QLiPHPMcB5yzTw1KpHa8NZdfPKyFLM6+mdZMJwQ87vO+ipIeRCnpyy1xpKqO52G9GRFlQwDo1E201QNUR4eDlRVfhust4ibjROrS79Tcb1/P66o9fYN+Y16zPQ==
WjNCnUxMfKyJxATd74N9rDHe5PvT8cM9bd3TNrhiRmGEUl4WDWXH+KO1gUJbRB/lHPVaIXV43ZNcSzZJPGnr1LFjUzUiNmRjrvMKd2/RVs4z/VOa4x3nyHJJwNPTN3afe21Zszw=
X+mcGg8AGRGb4c2+YNyHRCy9lQathGIWMZ3jiGd9LSL3zJt1uC0GYamguYNYQ1pp0KGvZFXbL7XejgDTartmV4PZUt7XpQ9aP0VDWPbBbDN/fzJvXxVlswA=
Nbehc285mgwNfuOyIj0yMMkSiGRQhmA3s5FmFjWV/5iLRUkCE5S3hYRlwqHt6EUzNJv+CXRZA/TJU6s1WgacQ8bDwrcngb5uq23LGnuNfyjaGQgTm0def0MdYbME
FJZrS2pujLLL4d2C5/vQJeAhp0FhtEEthJFmFjWV/5iLRUkCE5S3hYRlwqHt6EUzNJv+CXRZA/TJU6s1WgacQ8bDwrcngb5uq23LGnuNfyjaGQgTm0def0MdYbME
FsmmwWYjh/6fbQuj1PWB2PrAoBn2jzM/4JazGXkAHcm/smU4IR0iiWTBSwTja+I3iLmCFVUsDx/t9RxKWpuQjzSHUa1oNo2B7XpdYVkwzDV+I21LSGdFEWezAg==
vNr7nGN3J8kyHzL5LzxcL2h0k9Ui5K+E/boqLCINSE0W+2ZujZyL2s0j9bw7J76z+AJzT1idlMb0iOSf2fy+37H/cqmFX23z0jqF/eP9FDtWcftFKlU/WJF5XF455F+zGoyvMorg6zr0NSNpWyipw9s0T0izLw==
VixbgVl+4wF1z3zXDUr6js7RUkHLkaU+ij8oliEVVX1vSIffqgD3PkNqszLEWftFO4Qxr+v41wSzYw==
0kDqPX/S4qj36cFgf3xJLI9d8kREad3BNHTEIZs7jcWcZlk5QbM3mQngeJ2iQ5EjnNfxyQuzbg==
LHz5gdWVLvUSxd9G8MKN8vctNglVOD0TPI8UR9ypi1QRI7M1QvbE406zandPkbZOUz1zmQRdQUrSCSDT8/fWH5stebMc
NxroIREJ0DVimA0arF1b2jthThp2YmkyY/GSwrvIKcEHrk4rZ+OLXnVhs9r7ErNp
OzicgzTNBMqFO8jq+ZnKN87RUkHLkaU+ij8oliEVVX1vSIffqgD3PklrszDGWftFO4Qxr+v41wSzYw==
9VjkkOHnf0P8wGghlHmCZY9d8kREad3BNHTEIZs7jcWcZlk5Qbk2mQvieJ2iQ5EjnNfxyQuzbg==
2BwYXHoVXUrH5T2Kj6Mi0PrAoBn2jzM/4JazGXkAHcm/smU4IR0iiWTBSwTja+IzireCFVUsDx/t9RxKWpuQjzSHUa1oNo2B7XlaYV8yzDV+I21LSGdFEWezAg==
TAkR+h0alRlvrkrFDdTiG+Ahp0FhtEEthJFmFjWV/5iLRUkCE5S3hYRlwqHt6EUzNJ/8B3RZA/TJU6s1WgacQ8bDwrcngb5uq23LGXyNeSraGQgTm0def0MdYbME
lfxG0QZLBC9WY2Kp696tGckSiGRQhmA3s5FmFjWV/5iLRUkCE5S3hYRlwqHt6EUzNJ/8B3RZA/TJU6s1WgacQ8bDwrcngb5uq23LGXyNeSraGQgTm0def0MdYbME
vlU+KdS3Az9M69nrfxgLPCy9lQathGIWMZ3jiGd9LSL3zJt1uC0GYamguYNYR1hn0KGvZFXbL7XejgDTartmV4PZUt7XpQ9ZOEVFWvbBbDN/fzJvXxVlswA=
6NuC4AgMRLsldf4n9ZrZVDHe5PvT8cM9bd3TNrhiRmGEUl4WDWXH+KO1gUJbRB/lHPVaIXV43ZNcTzRHPGnr1LFjUzUiNmRjrvMKd2/RVs4z/VOZ5B3hynJJwNPTN3afe21Zszw=
LF0k9vsJZoneKIQlbcM7iZyzTw1KpHa8NZdfPKyFLM6+mdZMJwQ87vO+ipIeRCnpyy1xpKqO52G5Gx9lQwDo1E201QNUR4eDlRVfhust4ibjROnV79Leb1/P66o9fYN+Y16zPQ==
kuKWLSkLCCTuKg7MKAwo65GTh++VDSi/sMAj8jWL5MeZTjpAn2hSFgF908jXnZ2iZyxLNejNFmG5gGnDCOfI56ABXyQl+9+1rq7wExobltcTeYIeh4UfWSgllZqmofyzzx+Cr291VbMw
iUsQa3cxBPkv7gQWUXdEcQl+bz9ce25+TeGGoEQFOva3uedQLrXOPFEuKcXx5ApvievfN0sw48mJ2Sxxv2yiBHlox38q4LceSUtzUEb5O2U7ZHFPa1gXZLMD
