MUlG0dRljPJPcISXuqUUIg6HvJQBYmeUjCoXscJHPgJsVW3J2sTxVRiz3o+JPxqd8gbTfL4Of1KjkRKie6gopsfAzkuvgos0tQEzujtzowo=
va/jHmk0zem281cO2f/Vimh0k9Ui5K+E/boqLCINSE0W+2ZujZyL2s0j9bw7J76z+AJzT1idlMb0iOSf2fy+37H/cqmFX23z0jqF/eP9FDtWcftFKlU/WJF5XF455F+zGoyvMo/g6zL2NStoWyKpw9s0T0mjLA==
FSGHm44sq7gOFd30ptjKthHwceNAc3KpuDEXxJ2rN7XGfkhz0iuOF6vpSj6fdbfSxxWDeu45BfPd78oPlyV8oxs=
SRroLH1EMIko5sJmJEfpz87RUkHLkaU+ij8oliEVVX1vSIffqgD3Pkttsz7GWfNEO44xr+v41wWjYA==
iwRcmFB3Q90TQGPO68wv949d8kREad3BNHTEIZs7jcWcZlk5QbswmQXieJWjQ5sjnNfxyQqjbQ==
FoHMIX5epN4Roi9ogRrXuc7RUkHLkaU+ij8oliEVVX1vSIffqgD3Pkptsz7GWfNEO44xr+v41wWjYA==
OMVxacuxhs//nHdbTvubv49d8kREad3BNHTEIZs7jcWcZlk5QbowmQXieJWjQ5sjnNfxyQqjbQ==
3ELeWIlkEtG9tCSZw0ep+JGTh++VDSi/sMAj8jWL5MeZTjpAn2hSFgF908jXnZ2iZyxLNejNFmG5gGnDCOPK6aABXyQl+9+1rq7wExobltcTeYIeh4UfWi4lm5qmqf2zxR+Cr291VKMz
uESuuxDOlvkSxfoo/rSNSpyzTw1KpHa8NZdfPKyFLM6+mdZMJwQ87vO+ipIeRCnpyy1xpKqO52G9GRFlQwDo1E201QNUR4eDlRVfhust4ibjROrT79zeb1fO66A9fYN+Y1+jPg==
zN2XJ8oWvkLVnWfQh8BNSjHe5PvT8cM9bd3TNrhiRmGEUl4WDWXH+KO1gUJbRB/lHPVaIXV43ZNcSzZJPGnr1LFjUzUiNmRjrvMKd2/RVs4z/VOa4h3vynJBwdPZN3afe21Yoz8=
CwkrY+YI1zV2ORAwouui3iy9lQathGIWMZ3jiGd9LSL3zJt1uC0GYamguYNYQ1pp0KGvZFXbL7XejgDTartmV4PZUt7XpQ9aPkVLWvbJbTN1fzJvXxVkowM=
tb/YWvAc7+x/lHD72u5DkckSiGRQhmA3s5FmFjWV/5iLRUkCE5S3hYRlwqHt6EUzNJv+CXRZA/TJU6s1WgacQ8bDwrcngb5uq23LGnqNdyraEQkTkUdef0MdYKMH
MtnyceVM5chS4vMM7OFtnuAhp0FhtEEthJFmFjWV/5iLRUkCE5S3hYRlwqHt6EUzNJv+CXRZA/TJU6s1WgacQ8bDwrcngb5uq23LGnqNdyraEQkTkUdef0MdYKMH
2FeUJAPLKJJRGBQASv4IMvrAoBn2jzM/4JazGXkAHcm/smU4IR0iiWTBSwTja+I3iLmCFVUsDx/t9RxKWpuQjzSHUa1oNo2B7XpcYVEyzD1/I2dLSGdFEWajAQ==
tQiM9WX3PWwKghKT4oSxZGh0k9Ui5K+E/boqLCINSE0W+2ZujZyL2s0j9bw7J76z+AJzT1idlMb0iOSf2fy+37H/cqmFX23z0jqF/eP9FDtWcftFKlU/WJF5XF455F+zGoyvMorh6zL2NStoWyKpw9s0T0mjLA==
S+n8eYp1SZVnr3I3r+wJ6M7RUkHLkaU+ij8oliEVVX1vSIffqgD3PkNuszbHWfNEO44xr+v41wWjYA==
Nj70MeTmzb4OBalzEL5btY9d8kREad3BNHTEIZs7jcWcZlk5QbMzmQ3jeJWjQ5sjnNfxyQqjbQ==
CAq5IdhlFPP+QsOFeBgWUCM7KZ4Vfm0gOl25HUN0XW6hj0hZdBR1pM2NKgEojbXWFHlZ3bpolli2kdx9aKQWf8OTgOkSmnKv/LCF7DTKrByudgNO/iZ/C2ct6sapucMHGHEEMmTsC3+5ebCGH9aqegshPXS6AeW1vkNb4GwgMGPDWZLeFyXPUv3FAVu2SS0zNf9yb5+VpKPD
vs/A6vgR9BXvgnR+KCwTchK/On25gH8SfT8qEqNfqlJGO/N3W3gRIJvMr+Hw40am4AXTZGX2J+7DWOAVAxMXPdmljes6Acg+EA8eFB+Ejj4+jDzC+cZkov2L5alwTlMNUZeKhb5a/kjp39vdam6loviq2ZVHPGDFp/X8h4GoFhTis5EtqDbNAa1yH+EbM4y9PyMny4hnhZGmo8E=
k0WmLgzVDUs8NQDCf1MQlLC4Spr0hqyl3inBnuDb9QJazMaz6eYobifhhU8hbF+rFvJoONqy8REuNQMPL/HchfU7Bc80DR8tYjaYYRxbpOcsyLIzeDDLpu+pgux/BE9hO9/+WaJUr0hL49IqIH0iYhvWqJd/ylVfYTjEScYXC9pzafIKS/Ci7Ndyb6NfGks85XlTkouro8I=
VhmPDHLXT19SWtUmuuX+QTaprzwYhpjgvrjIZMku/9fsde7W95CqHhVeG597lg0Sb3nCxBByBnyxU2rz56JjphB5Vm1dZcijf0/G0DD7cOVUdbi+Crnkvkskay8KlvOa39NPSWazHjoP6q9FunCMg5IwT2BQXSOElZ2lfoxzCslbqEe/KiA33kIO8xRHubMkOy7xj2uYl6WjwA==
KigFJ6FVFVHbC++ah6Rf7WyKLa35IGDwjv2s9cQ0wjLC4Jxv27XguFMqPDh5dFXzDZ+4TKunns8FZGXNsOSObpc3diqfh/UbbEHf6apqyFXkd8SDBDSCJ2A8y6LntZIYR2hvRdPjjg16mO8MAz8CnljRwoazqhgD50bV2+mkVD1++6t+G9UC3hO8YigfLj+XpzYrWM2FY4aTp6PG
tlAqKMZuOtYW+pzkuj2vxTaprzwYhpjgvrjIZMku/9fsde7W95CqHhVeG597lg0Sb3nCxBByBnyxU2rzy7VjsRF2S21dZcijf0/G0DD7cOVUdbi+Crnkvkskay8KlvOa39NPSWazHjoP6q9FunCMg5IwT2BQXSOElZ2lfoxzCslbqEe/KiA33kIO8xRHubMkOy7xj2uYl6WjwA==
lqXJ+o8jmTfyhgoG4UfbtGyKLa35IGDwjv2s9cQ0wjLC4Jxv27XgvlMqPDh/dFXzDZ+4TKunns8FZGXNoeKMe5Mjdiqfh/UbbEHf6apqyFXkd8SDBDSCJ2A8y6LntZIYR2hvRdPjjg16mO8MAz8CnljRwoazqhgD50bV2+mkVD1++6t+G9UC3hO8YigfLj+XpzYrWM2FY4aTp6PG
2/iXwXFXUFcV8uAwunVPDyM7KZ4Vfm0gOl25HUN0XW6hj0hZdBR1otzVchE+huGJE3pM9PwL0Rqhycs9bJYRadaOgOkSmnKv/LCF7DTKrByudgNO/iZ/C2ct6sapucMHGHEEMmTsC3+5ebCGH9aqegshPXS6AeW1vkNb4GwgMGPDWZLeFyXPUv3FAVu2SS0zNf9yb5+VpKPD
zyHXRpxMc/QtMLEMERNDPyM7KZ4Vfm0gOl25HUN0XW6hj0hZdBR1otzVchE+huGJE3pM9PwL0Rqhycs9ZYUbdNaMgOkSmnKv/LCF7DTKrByudgNO/iZ/C2ct6sapucMHGHEEMmTsC3+5ebCGH9aqegshPXS6AeW1vkNb4GwgMGPDWZLeFyXPUv3FAVu2SS0zNf9yb5+VpKPD
+mWPSplZVyds7JrEvX0+B0xMsq2X+0Qbx+dzTms+PUK1GP8DS15BEEVIifjJxWsj6Mz9XVFMMZ++PL8mRIVvgY2sgal5SzeUhvEEdlTP2lxTtHIGWqzY2uXWaKr5i+GhfF5PFbW37r1CarIALR+flaaeGdpcSn0N26zsTSN1eA8NOIqMRtM11RRGgclpMlsp1wPwhdsDQ9OUd4mZoqPF
WU6AQjlscqfr3BzQQfypoxZq66/TFsEv1g6ODbsytelaErqigLg+vqMqQYS9yP3H8zninifFP1pMZXEbBmnds+Xf4i+PNXSjEw==
0NIKecS76d418+3lKmUGHCYziATcsfy14eDQY1E31oqTlEAPOuvCCKCgv1OUcUmK3L7RR2B9Duk+jd5WYG5wvPYmjz6blQKek/xqaZ9uP9cndiuYTUVjRhNnowY=
ilODhfzW44669ysfm1+1WNeZf31gS2c+jXImUyzFiBS9r2hTfUSwBlZekalfOHew/5fcXB1rejRXIQYKfuTlXu0sbP30OTvd3pSgoer1rqFupd5+MCbDO2KUzxaLnSLWw1Tqwc8mH983Xmsw3c3DDkNPoy4=
E7z3ImsraTDQAabKG0Vy/jZGkelaEwtqi4/yDPBTzHSsLGKZms1OGR6d3kZAniMDEqwPrvslwu6z7Gp5vx7/Z0fmqwit9SO2M3ejFg==
SQMHiskHTZaebMsNa7Xh0RZw7a/PDsAv1g6ODbsytelaErqigLg+vqMqQYS9yP3H8zninifFP1hPZXEbBmnds+Xf4i+PNXSjEw==
YKiVkwj60Va/NKn1GEbzSg6qxvlMWaK43EhsF2uNhOIh2i4uLY7nG1zYgoJoyCa+u9opt4qcL4c7ibp+T1WH2Lf12btemZVzLY8aT6cFbKML
52D0xbbk9zkFePV8SyNuDBdw7a/PDsAv1g6ODbsytelaErqigLg+vqMqQYS9yP3H8zninifFP15PZXEbBmnds+Xf4i+PNXSjEw==
eLIbOjX8WyHr3Eag7D7wTQ6qxvlMWaK43EhsF2uNhOIh2y4uLY7nG1zYgoJoyCa+u9opt4qcL4c7ibp+T1WH3rf12btemZVzLY8aT6cFbKML
YTQi4cS/xZKN1LO9czgCSw+J/EefaYAXgTiwMGHtpCs260JTHgyU6NhuugifNH+jWnwPQoMRS0g3JQs42/LJ0xuEL3mjHA==
1MAH5RZsjsFmm27aMntLg34Dj6tbsXEuGi5DFjGe2d4pTyaHhmfa356ADGR7zSb+/9gnD+ow1w5DXZMEBwlT1Lse0f8riDd1oxA=
HxVR6sl1KEQmcTKk5CgKiM37wyFA0OZyLBCKPheC7cVgnCS2B0Ee7sut6xiczd2rutFpE7EHvv/j3QCjZw==
c4J+MaJFncEO2xfB5SWwdKICD28adnpdb5oJScb6zlIUILI+L7LV9EmgYWdPkbZOUz1znQJdREvSASHT+ffWH5steKMf
QfBAHgxD0NrEq2k05xvUmHJIo5j2Walj3B7BQKFnm9gUCLqigLg+vqMqQZeyzOfH8zninifFP11OZXAbBmnds+Xf4i+PNXSjEw==
UYx9AJyW84VO9FIPXp3dWaMCD28adnpdb5oJScb6zlIUILI+L7LV9EmgYWdPkbZOUz1zkwJdREvSASHT+ffWH5steKMf
yV7sZK2X21NyLxcXhYhbtXJIo5j2Walj3B7BQKFmm9gUCLqigLg+vqMqQZeyzOfH8zninifFP1NOZXAbBmnds+Xf4i+PNXSjEw==
UEj0hdVvNUppbDvxBvOxHaACD28adnpdb5oJScb6zlIUILI+L7LV9EmgYWdPkbZOUz1zmwVdREvSASHT+ffWH5steKMf
lWZNRHnLiSuh6rNFE243KHJIo5j2Walj3B7BQKFlm9gUCLqigLg+vqMqQZeyzOfH8zninifFP1tJZXAbBmnds+Xf4i+PNXSjEw==
uNvqB6+pCRinutZIngPEkaECD28adnpdb5oJScb6zlIUILI+L7LV9EmgYWdPkbZOUz1zmAVdREvSASHT+ffWH5steKMf
bo/jA2f0IAepeDSSkzhjQXJIo5j2Walj3B7BQKFkm9gUCLqigLg+vqMqQZeyzOfH8zninifFP1hJZXAbBmnds+Xf4i+PNXSjEw==
4xBhrtcIBvvT1uZZZVpQqQiDoJYBY2eXjC0G48hQf0B7JTmW1Mrxaxi53pWWGV7a+ArAYL4Sb1KjkRKie6grpMfOz0uvgos0tQEzujtzowo=
FOHttVUsZ4Ci4zRi5ATXxgiDoJcBY2eXjC0G48hQf0F7JTmW1Mrxaxi53pWWGV7a+ArAYL4Sb1KjkRKie6gtocfJyEuvgos0tQEzujtzowo=
jrNQwjinPGQS0BzSw88eTQiDoJABY2eXjC0G48hQf0J7JTmW1Mrxaxi53pWWGV7a+ArAYL4Sb1KjkRKie6gtpsfKyEuvgos0tQEzujtzowo=
qZos1usnHg3Dd6Q4QejoIQiDoJEBY2eXjC0G48hQf0N7JTmW1Mrxaxi53pWWGV7a+ArAYL4Sb1KjkRKie6gop8fKyEuvgos0tQEzujtzowo=
2CEffSRuo2vLINQzQuKoFHTqzEbi+WJJfNy92ml2OGGiitEvuGlNP6eq780LUkVpyvLqYlDYLr6zyhHEbahtR4PZUt7XpQ9eOUVFXPbJbTN1fzJvXxVkowM=
swXU4xlhmM1e88UKAiM3Id7fEUthsDF1GzjOiCu93SgjQU1Czghlm9scAqNHOQsNWg4mLq/b0em67YKIz2/ru1MFlOMJCUBmLBMnWwUb17uejM9j4NfUiFvJWv4vFWfdkLV9PP7ZtXMNz7rPB0VMoys=
Amm8p9phgOPj7P2kZEJ74d7fEUthsDF1GzjOiCu93SgjQU1Czghlm9scAqNHOQsNWg4mLq/b0em67YKIz2/ru1MFlOMJCUBmLBMnWwUb17+Xm8hj4NfUiFvJWv4vFWfYlbV8PP7ZtXMNz7rPB0VMoys=
qpNaMiW73J/js/F02LzNqCgtOgi4IEO1ogkexXZpXsrYOpGx0u/+wgMh0vKb2Ci05/+Im89yC6QVsfPq2wOjGg==
9OFGVW3toUJwEfoAQZocFRRw7a/PDsAv1g6ODbsytelaErqigLg+vqMqQYS9yP3H8zninifFP1JMZXQcBmnds+Xf4i+PNXSjEw==
cuNG7BnwM0D2hd025xsDSg6qxvlMWaK43EhsF2uNhOIh2C4uLY7nG1zYgoJoyCa+u9opt4qcL4c7ibp+T1WH0rT13LxemZVzLY8aT6cFbKML
QLOPhcQl0fHo4Zbe79nEJN7fEUthsDF1GzjOiCu93SgjQU1Czghnm9scAqNHOQsNWg4mLq/b0em67YKIz2/ru1MFlOMJCUBmLBMnWwUb17uejM9j4NfUiFvJWv4vFWfbkbV8PP7ZtXMNz7rPB0VMoys=
UvJ94+ZjGLW0F0VZ2QuCKE47Lhj+hsffxepiChnZkP3lL2X1jSMUvJbY49Kp2Yv27ANwJV4UPmYN60TQIRze0NiFFf7aza3MeSNbpwl7QLCRG77rCniF9QSGcSm5PImJbUTg5auDE/Oktxl5UqM1
VIfNtizIh489tDUWAEmL6N7fEUthsDN1GzjOiCu93SgjQU1Czghnm9scAqNHOQsNWg4mLq/b0em67YKIz2/ru1MFleMJCUBmLBMnWwUb17uejM9j4NfUiFvJWv4vFWfYlrVzPP7ZtXMNz7rPB0VMoys=
ir8FW6hIL/k5mwBMWtzkr+Z9eH0/wgfGkoSXmOBrAhDJ4ZDqOddDhFgHz9HDczRRGYmM8un8hpWtsAJ4Tt9bjs0dLl0ByC0HEkA9Cr/iOfab/erqTw89/bBAt0fKOOd2w6WjBiDBw0x7BsG3ywBHTaMo
Lmt/4buRbyJ/O9qYWpVFkd7fEUthsDJ1GzjOiCu93SgjQU1Czghkm9scAqNHOQsNWg4mLq/b0em67YKIz2/ru1MFk+MJCUBmLBMnWwUb17uejM9j4NfUiFvJWv4vFWffkbVzPP7ZtXMNz7rPB0VMoys=
9QxMDrGGe9voMjySiBHGSuZ9eH0/wgTGkoSXmOBrAhDJ4YrpHpAbqxtCzsXkOix2GdaMt7ah04m8mwRuR+0+zoxTWlMBlHhdVRheCr/iOfab/erqTw89/bBAt0fKOOd2y6ejByDBw0x7BsG3ywBHTaMo
gGs1Tm1u/y3Frs8bqf4N8E47Lhj+hsffxepiChnZkP3lL2X1jSMUvJbY49Kp2Yv27ANwJV4UPmYN60TQIRze0NiFFf7aza3MeSNbpwl/SaeWG77rCniF9QSGcSm5MoqJbETg5auDE/Oktxl5UqM1
ws8YpmfQ9INBkAaVpkWBdOZ9eH0/wgfGkoSXmOBrAhDJ4YrpHpAbqxtBzsXkOix2GdaMt7eh04m8mwRuR+0+zoxTWlMBlHhdVRheCr/iOfab/erqTw89/bBAt0fKOOd2z6SjByDBw0x7BsG3ywBHTaMo
ZOSLjphBG3L2mUq4c2U6VH0pOx2/MjCr6gkJ2W9eGtCMLYKqyuX+wgMh0vKb2Cyw5/mJm89yC6QVsfPq2wOjGg==
2WGRDofji/i7VQWWqqVKS2sWx7IXWwJ7z4XtWadIz262IBCa0s1ZBQeqmlwUiTIWArEervslwu6z7Gx8vx35Z0fmqwit9SO2M3ejFg==
2ni9oIMBZCazRmZvtw5h9a+M4hj8kiQopo2VHmMCdY27smUqNhZ4k2iPSBfjbO0tlbveFBA9FgXbumtaXI6NiDiGUa1oNo2B7XxbYVg1zD1/I2dLSGdFEWajAQ==
dB24ZBrBnlByUg+ROpKT7byrs5WPCeepieN3WOANSxsJmPiUtDtxKT3k9quGiTiDmUvRJBjQ07bD7x4fMQMTwNqyiAvKQEZLLrAXF4oIB2bCs8M/4RFjPPu2IWeLcGddozg=
Am5IqvE+sy5tfgUiV2ujbbyrs5WPCeepieN3WOANSxsJmPiUtDtxKT3k9quGiTiDmUvRJBjQ07bD7x4fMQMTwNqyiAvKQEZLLrAXF4oIB2bKtsM84RFjPPu2IWeLcGddozg=
CHnufIFw+YbtQx/VioyUDFLG4MBbJiHUgnJZ44QNORkVEnDK38jzLUq5yYmPLhrArB3CeqoVflKjkRKie6gppMfKyUuvgos0tQEzujtzowo=
3Yrk+tIYYghfm5/V9Ee4s7LEdwX+735a3V3PTamHX0zwGUMfCZzwgKQvWU0dAN7/1l3wx9kPGfBIhHtSY4u2i6GXm0RaNgCfWtTuL45Uv0Pa3M8iifAL6LFFS9jb0glzm2RvWaM8
24sZPl0q+nsyYuSbdvxVnFJx9r6GWrpp0FfJROc5t+scQLq1nKEJ+rl+Voan3PrW8zninifFP1NOZXEdBmnds+Xf4i+PNXSjEw==
qJROPK65igtkrAjpu6yt5q6M4hj8kiQopo2VHmMCdY27smUqNhZ4k2iPSBfjbO0tlbveFBA9FgXbumtaXI6NiDiGUa1oNo2B7XNcYVs1zD1/I2dLSGdFEWajAQ==
PWZ8fd+IgN5T1NISWEyRbnWesbKnqJB9MYWTc90+FyrYH0JOXzbd6OijhEVbEAriEqIWKTxv3ZRTUStLYGiuxah5ZXpVJmJ2s/QGdm/RVs4z/VOT4R3kzXJBwdPZN3afe21Yoz8=
dF/ulQOOi5y6AuIXc/+4QHTqzEfi+WJJfNy92ml2OGGiitEuuGlNP6eq780LUkVpyvLqYlDYLr6zyhHEbahtR4PZUt7XpQ9eOUVHXfbJbTN1fzJvXxVkowM=
xAqeSfD1U0/WMSi9j7RWp30pOx2/MjCr8A8JxXdfGtCNN4Sq1v3/wgMh0vKb2Cux5/yJm89yC6QVsfPq2wOjGg==
Di+P0JNY6pHsVmVftWhzDmsWx7IXWwJ7z4XtWadIz262IBCayMtZGR+rmlwVkzQWHqkfrvslwu6z7Gt9vxj5Z0fmqwit9SO2M3ejFg==
Av3dOgFd8kQQ/BMA28+1xK6M4hj8kiQopo2VHmMCdY27smUqNhZ4k2iPSBfjbO0tlbveDhY9Ch3aumtbRoiNlCCHUa1oNo2B7XtaYV01zD1/I2dLSGdFEWajAQ==
NS3vhMQisEpD/5jaR9rYc1Jx9r6GWrpp0FfJROc5t+scWry1gLkI+rl/TICnwOLX8zninifFP1hIZXcdBmnds+Xf4i+PNXSjEw==
Wmp3sEYV/nZtGQ09xPR4Tq6M4hj8kiQopo2VHmMCdY27smUqNhZ4k2iPSBfjbO0tlbveDhY9Ch3aumtbRoiNlCCHUa1oNo2B7XhaYV01zD1/I2dLSGdFEWajAQ==
tsf5+OT3JUWUspkdrbrsHzYb8lsUhbmBpbqQsg+As/UgV+mthyca2J0vpILmxb8KU/myGusgojl3ZCkzf8rL7MXpE4Ire6MS
uwrKG84JY9HPfK5NkMJvvEUQaYecm7bCIPtOZ0DY2QZyDc5lRjr3owK4aZwspx1lzKYJGVGyJnlZJSh1M8Prw+wXgSl6ox0=
LnOzPJv+1VYIFIvV+HGTygsBZ8FwqiDG6OcGWZjjeTEPo5pUBbsUPk5hX2arjWJGI2Tr8C+xWc8XLuvA/d0DniN/ox4=
HjaA5oeu9S7pc2L0U29emWsWx7IXWwJ7z4XtWadIz262IBCayMtZGR+rmlwVkzQWHqkfrvslwu6z7Gt4vxn5Z0fmqwit9SO2M3ejFg==
6DrvcRxd/gNIth9VIrt4z66M4hj8kiQopo2VHmMCdY27smUqNhZ4k2iPSBfjbO0tlbveDhY9Ch3aumtbRoiNlCCHUa1oNo2B7XtfYVw1zD1/I2dLSGdFEWajAQ==
uwMAxhnxk5uq8LJoEPUIEFJx9r6GWrpp0FfJROc5t+scWry1gLkI+rl/TICnwOLX8zninifFP1lNZXYdBmnds+Xf4i+PNXSjEw==
pcLGwrC05ZzpmjKoTM5jla2M4hj8kiQopo2VHmMCdY27smUqNhZ4k2iPSBfjbO0tlbveDhY9Ch3aumtbRoiNlCCHUa1oNo2B7XlfYVw1zD1/I2dLSGdFEWajAQ==
gIV+2HWGs4vU2FQtQQzV2FJx9r6GWrpp0FfJROc5t+scWry1gLkI+rl/TICnwOLX8zninifFP19NZXYdBmnds+Xf4i+PNXSjEw==
ZbxjCbfElcq+qrAuRTnrd62M4hj8kiQopo2VHmMCdY27smUqNhZ4k2iPSBfjbO0tlbveDhY9Ch3aumtbRoiNlCCHUa1oNo2B7X9fYVw1zD1/I2dLSGdFEWajAQ==
Vfs8tOBay2LOeGwkxpoCB1Jx9r6GWrpp0FfJROc5t+scQLq1nKEJ+rl+Voan3PrW8zninifFP1pMZXYdBmnds+Xf4i+PNXSjEw==
ZJXHCqduzGMSquXHlyykbK+M4hj8kiQopo2VHmMCdY27smUqNhZ4k2iPSBfjbO0tlbveFBA9FgXbumtaXI6NiDiGUa1oNo2B7XpeYVw1zD1/I2dLSGdFEWajAQ==
Vfs8tOBay2LOeGwkxpoCB1Jx9r6GWrpp0FfJROc5t+scQLq1nKEJ+rl+Voan3PrW8zninifFP1pMZXYdBmnds+Xf4i+PNXSjEw==
bviNnqPu1Rboxvh4W6kdEq6M4hj8kiQopo2VHmMCdY27smUqNhZ4k2iPSBfjbO0tlbveFBA9FgXbumtaXI6NiDiGUa1oNo2B7XpeYVw1zD1/I2dLSGdFEWajAQ==
/P7LNL2CUs1ngs75jgz2d1Jx9r6GWrpp0FfJROc5t+scQLq1nKEJ+rl+Voan3PrW8zninifFP15MZXYdBmnds+Xf4i+PNXSjEw==
cR+Jvl98iRJXCi8CrmjEQK+M4hj8kiQopo2VHmMCdY27smUqNhZ4k2iPSBfjbO0tlbveFBA9FgXbumtaXI6NiDiGUa1oNo2B7X5eYVw1zD1/I2dLSGdFEWajAQ==
15o1j8kj9iwYj02sP1ZWh1Jx9r6GWrpp0FfJROc5t+scQLq1nKEJ+rl+Voan3PrW8zninifFP1xMZXYdBmnds+Xf4i+PNXSjEw==
vp8320RWxef8ZMhJxRd5o66M4hj8kiQopo2VHmMCdY27smUqNhZ4k2iPSBfjbO0tlbveFBA9FgXbumtaXI6NiDiGUa1oNo2B7XxeYVw1zD1/I2dLSGdFEWajAQ==
Vm6ttxBXJcYRe0ixjbAa+1Jx9r6GWrpp0FfJROc5t+scQLq1nKEJ+rl+Voan3PrW8zninifFP1NMZXYdBmnds+Xf4i+PNXSjEw==
YNuTjpzHj1igOXmTmx1Qza6M4hj8kiQopo2VHmMCdY27smUqNhZ4k2iPSBfjbO0tlbveFBA9FgXbumtaXI6NiDiGUa1oNo2B7XNeYVw1zD1/I2dLSGdFEWajAQ==
Idt/s2FmXWCpNrkMqx/pV1Jx9r6GWrpp0FfJROc5t+scQLq1nKEJ+rl+Voan3PrW8zninifFP1JMZXYdBmnds+Xf4i+PNXSjEw==
KYUJQgr0UMiXCIABcCCK7K6M4hj8kiQopo2VHmMCdY27smUqNhZ4k2iPSBfjbO0tlbveFBA9FgXbumtaXI6NiDiGUa1oNo2B7XJeYVw1zD1/I2dLSGdFEWajAQ==
Idt/s2FmXWCpNrkMqx/pV1Jx9r6GWrpp0FfJROc5t+scQLq1nKEJ+rl+Voan3PrW8zninifFP1JMZXYdBmnds+Xf4i+PNXSjEw==
IFoUlz5vR6+XWrkqbSmFGq+M4hj8kiQopo2VHmMCdY27smUqNhZ4k2iPSBfjbO0tlbveFBA9FgXbumtaXI6NiDiGUa1oNo2B7XJeYVw1zD1/I2dLSGdFEWajAQ==
GTfu2nPn1LxyctBbO/zsZlJx9r6GWrpp0FfJROc5t+scQLq1nKEJ+rl+Voan3PrW8zninifFP1tPZXYdBmnds+Xf4i+PNXSjEw==
94sHoJW5s2fqQgbMNop+T66M4hj8kiQopo2VHmMCdY27smUqNhZ4k2iPSBfjbO0tlbveFBA9FgXbumtaXI6NiDiGUa1oNo2B7XtdYVw1zD1/I2dLSGdFEWajAQ==
prDdOShKIa2YlVWEIgmhlFJx9r6GWrpp0FfJROc5t+scQLq1nKEJ+rl+Voan3PrW8zninifFP1pPZXYdBmnds+Xf4i+PNXSjEw==
+LLvbsjtBl8bEu/6q/g24K6M4hj8kiQopo2VHmMCdY27smUqNhZ4k2iPSBfjbO0tlbveFBA9FgXbumtaXI6NiDiGUa1oNo2B7XpdYVw1zD1/I2dLSGdFEWajAQ==
BxhHjr2u+cCFOS0Loj4ZgVJx9r6GWrpp0FfJROc5t+scQLq1nKEJ+rl+Voan3PrW8zninifFP1lPZXYdBmnds+Xf4i+PNXSjEw==
l9aSu520K8mU5pEyQGMa1q+M4hj8kiQopo2VHmMCdY27smUqNhZ4k2iPSBfjbO0tlbveFBA9FgXbumtaXI6NiDiGUa1oNo2B7XldYVw1zD1/I2dLSGdFEWajAQ==
fAF54/BztTIfNYKw0D9U01Jx9r6GWrpp0FfJROc5t+scQLq1nKEJ+rl+Voan3PrW8zninifFP15PZXYdBmnds+Xf4i+PNXSjEw==
0VcnAPdFSlh9wQY7SNpJQa6M4hj8kiQopo2VHmMCdY27smUqNhZ4k2iPSBfjbO0tlbveFBA9FgXbumtaXI6NiDiGUa1oNo2B7X5dYVw1zD1/I2dLSGdFEWajAQ==
GnTZl4fS5kB9I5OUNLIWmS0QqiHREkUMChWLcQHjT4rtokKbwM7dskdgEhcW1cnksIqIBvSJXssHfOkleZuy3NSNcr0nOhfiuD7JwNSmPaVsJunZMb4AOfilSLXTw8sDjJdhaVqjPQ==
MXb33bAeqjYnToT8jEB+R1Jx9r6GWrpp0FfJROc5t+scQLq1nKEJ+rl+Voan3PrW8zninifFP1lIZXYdBmnds+Xf4i+PNXSjEw==
O8Zr6cWcae41wVPC4r6r6Xce2/sITBN6gJK/D+lGwGa3LFOR0s1ZBQeqmlwUiTIWArEervslwu6z7Gh9vxn5Z0fmqwit9SO2M3ejFg==
HBOPofJLVwqX4pUNlKlxy2MZzPtZABVqm5XwXu1GwGa3LFOR0s1ZBQeqmlwUiTIWArEervslwu6z7G59vxn5Z0fmqwit9SO2M3ejFg==
+tTWpFLLoRVO5oIcXyOHmEUQaYecm7bCIPtOZ0DY2Rx0DdJ9Rzr3ohi+aYA0ph1lzKYJGVG+JnlYJSh1M8Prw+wXgSl6ox0=
Ez0gBCofb/Vq1bsBLAGu9AsBZ8FwqiDG6OcGWYLleS0XoppUBKESPlJ5XmarjWJGI2Tu9S+xWc8XLuvA/d0DniN/ox4=
CpwGVr4xSQc4A5zCSubrfGsWx7IXWwJ7z4XtWadIz262IBCa0s1ZBQeqmlwUiTIWArEervslwu6z7G59vxn5Z0fmqwit9SO2M3ejFg==
yQ/okWP4yJoMBq1wVfFx2q+M4hj8kiQopo2VHmMCdY27smUqNhZ4k2iPSBfjbO0tlbveFBA9FgXbumtaXI6NiDiGUa1oNo2B7X5aYVw1zD1/I2dLSGdFEWajAQ==
fwb/Us+eX8IhHLrx6BQjbFJx9r6GWrpp0FfJROc5t+scQLq1nKEJ+rl+Voan3PrW8zninifFP1JIZXYdBmnds+Xf4i+PNXSjEw==
NIRxJ0j6D7I6WrwKQWKVM66M4hj8kiQopo2VHmMCdY27smUqNhZ4k2iPSBfjbO0tlbveFBA9FgXbumtaXI6NiDiGUa1oNo2B7XJaYVw1zD1/I2dLSGdFEWajAQ==
7Lqp6BlJ9Uo1y+42/0crKlJx9r6GWrpp0FfJROc5t+scQLq1nKEJ+rl+Voan3PrW8zninifFP1hNZXUdBmnds+Xf4i+PNXSjEw==
62K8e67aFTXRfZniFknuua6M4hj8kiQopo2VHmMCdY27smUqNhZ4k2iPSBfjbO0tlbveFBA9FgXbumtaXI6NiDiGUa1oNo2B7XhfYV81zD1/I2dLSGdFEWajAQ==
djGz1SWiUOxZ0KSeHibB81Jx9r6GWrpp0FfJROc5t+scQLq1nKEJ+rl+Voan3PrW8zninifFP19NZXUdBmnds+Xf4i+PNXSjEw==
qknTyoM9xufe/jT3AkngMa6M4hj8kiQopo2VHmMCdY27smUqNhZ4k2iPSBfjbO0tlbveFBA9FgXbumtaXI6NiDiGUa1oNo2B7X9fYV81zD1/I2dLSGdFEWajAQ==
djGz1SWiUOxZ0KSeHibB81Jx9r6GWrpp0FfJROc5t+scQLq1nKEJ+rl+Voan3PrW8zninifFP19NZXUdBmnds+Xf4i+PNXSjEw==
XoXdBc6xUbDq3Rk5ghuGHq+M4hj8kiQopo2VHmMCdY27smUqNhZ4k2iPSBfjbO0tlbveFBA9FgXbumtaXI6NiDiGUa1oNo2B7X9fYV81zD1/I2dLSGdFEWajAQ==
djGz1SWiUOxZ0KSeHibB81Jx9r6GWrpp0FfJROc5t+scQLq1nKEJ+rl+Voan3PrW8zninifFP19NZXUdBmnds+Xf4i+PNXSjEw==
qknTyoM9xufe/jT3AkngMa6M4hj8kiQopo2VHmMCdY27smUqNhZ4k2iPSBfjbO0tlbveFBA9FgXbumtaXI6NiDiGUa1oNo2B7X9fYV81zD1/I2dLSGdFEWajAQ==
WW795AOxuj/E/nt2RkTmP+Z9eH0/wgTGkoSXmOBrAhDJ4YrpHpAbqxtCzsXkOix2GdaMt7ah04m8mwRuR+0+zoxTWlMBlHhdVRheCr/iOfaf9P3tTw89/bBAt0fKOOd2yKKjDCXBwkx7BsG3ywBHTaMo
HfVXOGxnWqyJSGT5l+ZbJ+Z9eH0/wgTGkoSXmOBrAhDJ4YrpHpAbqxtCzsXkOix2GdaMt7ah04m8mwRuR+0+zoxTWlMBlHhdVRheCr/iOfab/erqTw89/bBAt0fKOOd2yKOjDCXBwkx7BsG3ywBHTaMo
krAwCE17tCmcO0pFpSVvsOZ9eH0/wgTGkoSXmOBrAhDJ4YrpHpAbqxtCzsXkOix2GdaMt7ah04m8mwRuR+0+zoxTWlMBlHhdVRheCr/iOfaf9P3tTw89/bBAt0fKOOd2zKOjDCXBwkx7BsG3ywBHTaMo
9EX5TH3zLfvNeA6+ROMvheZ9eH0/wgfGkoSXmOBrAhDJ4YrpHpAbqxtCzsXkOix2GdaMt7ah04m8mwRuR+0+zoxTWlMBlHhdVRheCr/iOfab/erqTw89/bBAt0fKOOd2yqajDSXBwkx7BsG3ywBHTaMo
tN12RHDNV5WQtSfNlxQE330pOx2/MjCr6gkJ2W9eGtCMLYKqyuX+wgMh0vKb2CK05/uNm85yC6QVsfPq2wOjGg==
vKawuKx+Q2ztJQWgae9JvWsWx7IXWwJ7z4XtWadIz262IBCa0s1ZBQeqmlwUiTIWArEervslwu6z7GJ4vx/9Z0bmqwit9SO2M3ejFg==
eF87njy6UJALCwOgYp5fj66M4hj8kiQopo2VHmMCdY27smUqNhZ4k2iPSBfjbO0tlbveFBA9FgXbumtaXI6NiDiGUa1oNo2B7XJfYVoxzDx/I2dLSGdFEWajAQ==
mtk8e2Pp4jyta9bVCouIVFJx9r6GWrpp0FfJROc5t+scQLq1nKEJ+rl+Voan3PrW8zninifFP1tMZXAZBmjds+Xf4i+PNXSjEw==
qVY33FMiXao9thVfSZ8VS6+M4hj8kiQopo2VHmMCdY27smUqNhZ4k2iPSBfjbO0tlbveFBA9FgXbumtaXI6NiDiGUa1oNo2B7XteYVoxzDx/I2dLSGdFEWajAQ==
oWxth4J8aCjTO6APyU3f9lJx9r6GWrpp0FfJROc5t+scQLq1nKEJ+rl+Voan3PrW8zninifFP1pMZXAZBmjds+Xf4i+PNXSjEw==
vgU+o/1JOr8pTf1HKduRqK6M4hj8kiQopo2VHmMCdY27smUqNhZ4k2iPSBfjbO0tlbveFBA9FgXbumtaXI6NiDiGUa1oNo2B7XpeYVoxzDx/I2dLSGdFEWajAQ==
de2IYQEHqs5saj+Xhr5ePVJx9r6GWrpp0FfJROc5t+scQLq1nKEJ+rl+Voan3PrW8zninifFP15MZXAZBmjds+Xf4i+PNXSjEw==
TIH7JQqivsaSVHyiJ0WQj6+M4hj8kiQopo2VHmMCdY27smUqNhZ4k2iPSBfjbO0tlbveFBA9FgXbumtaXI6NiDiGUa1oNo2B7X5eYVoxzDx/I2dLSGdFEWajAQ==
gfaaW5ShZJMrSjBayTT9C1Jx9r6GWrpp0FfJROc5t+scQLq1nKEJ+rl+Voan3PrW8zninifFP11MZXAZBmjds+Xf4i+PNXSjEw==
Al+PFpQjggQmD9d7sEbez66M4hj8kiQopo2VHmMCdY27smUqNhZ4k2iPSBfjbO0tlbveFBA9FgXbumtaXI6NiDiGUa1oNo2B7X1eYVoxzDx/I2dLSGdFEWajAQ==
EDISej0uksffrTQXZDRtUVJx9r6GWrpp0FfJROc5t+scQLq1nKEJ+rl+Voan3PrW8zninifFP1tPZXAZBmjds+Xf4i+PNXSjEw==
iOQPjzyQ5sjug6/HWJmxAa+M4hj8kiQopo2VHmMCdY27smUqNhZ4k2iPSBfjbO0tlbveFBA9FgXbumtaXI6NiDiGUa1oNo2B7XtdYVoxzDx/I2dLSGdFEWajAQ==
EDISej0uksffrTQXZDRtUVJx9r6GWrpp0FfJROc5t+scQLq1nKEJ+rl+Voan3PrW8zninifFP1tPZXAZBmjds+Xf4i+PNXSjEw==
HSeeRj5CWKWqpWQu/fJJ5q6M4hj8kiQopo2VHmMCdY27smUqNhZ4k2iPSBfjbO0tlbveFBA9FgXbumtaXI6NiDiGUa1oNo2B7XtdYVoxzDx/I2dLSGdFEWajAQ==
oiT+Mrvmxe3C1gHuxj5CdlJx9r6GWrpp0FfJROc5t+scQLq1nKEJ+rl+Voan3PrW8zninifFP1pPZXAZBmjds+Xf4i+PNXSjEw==
SB6Vt5fJDDURugQ6vQkLzK+M4hj8kiQopo2VHmMCdY27smUqNhZ4k2iPSBfjbO0tlbveFBA9FgXbumtaXI6NiDiGUa1oNo2B7XpdYVoxzDx/I2dLSGdFEWajAQ==
87/Q2A9IMJRgyapky0P+C1Jx9r6GWrpp0FfJROc5t+scQLq1nKEJ+rl+Voan3PrW8zninifFP15PZXAZBmjds+Xf4i+PNXSjEw==
MhYn1VJtwoD2wuE9G20OWK6M4hj8kiQopo2VHmMCdY27smUqNhZ4k2iPSBfjbO0tlbveFBA9FgXbumtaXI6NiDiGUa1oNo2B7X5dYVoxzDx/I2dLSGdFEWajAQ==
Y5WvYnojNPpgNtOWQqWA0C0QqiHREkUMChWLcQHjT4rtokKbwM7dskdgEhcW1cnksIqIBvSJXssHfOkleZuy3NSNcr0nOhfiuD7JwNSmPaVsJunZMbwAOf6hSLTTw8sDjJdhaVqjPQ==
YtAmITra9ijPS2va+pkDSC0QqiHREkUMChWLcQHjT4rtokKbwM7dskdgEhcW1cnksIqIBvSJXssHfOkleZuy3NSNcr0nOhfiuD7JwNSmPaVsJunZMb0HOfmhSLTTw8sDjJdhaVqjPQ==
RaJ3apwZ3xh7sTtqPbTGE+Z9eH0/wgfGkoSXmOBrAhDJ4YrpHpAbqxtCzsXkOix2GdaMt7ah04m8mwRuR+0+zoxTWlMBlHhdVRheCr/iOfaf9P3tTw89/bBAt0fKOOd2y6OjCiXBwkx7BsG3ywBHTaMo
AymHU5zYVu2ZyigJO80m3uZ9eH0/wgTGkoSXmOBrAhDJ4YrpHpAbqxtCzsXkOix2GdaMt7ah04m8mwRuR+0+zoxTWlMBlHhdVRheCr/iOfab/erqTw89/bBAt0fKOOd2zqOjCiXBwkx7BsG3ywBHTaMo
/LxhVN9AI94X0Wysl1MwCi0QqiHREkUMChWLcQHjT4rtokKbwM7dskdgEhcW1cnksIqIBvSJXssHfOkleZuy3NSNcr0nOhfiuD7JwNSmPaVsJunZMbwGOfmhSLTTw8sDjJdhaVqjPQ==
pwib/imIuH7xPc4eG8TRBi0QqiHREkUMChWLcQHjT4rtokKbwM7dskdgEhcW1cnksIqIBvSJXssHfOkleZuy3NSNcr0nOhfiuD7JwNSmPaVsJunZMboDOfihSLTTw8sDjJdhaVqjPQ==
s4gb3nKCL/NlgkBcMyrLwS0QqiHREkUMChWLcQHjT4rtokKbwM7dskdgEhcW1cnksIqIBvSJXssHfOkleZuy3NSNcr0nOhfiuD7JwNSmPaVsJunZMbgDOfihSLTTw8sDjJdhaVqjPQ==
QNmJKREB+UjkqUuBLIBYb1Jx9r6GWrpp0FfJROc5t+scQLq1nKEJ+rl+Voan3PrW8zninifFP1hNZXYZBmjds+Xf4i+PNXSjEw==
2rdaIee/7j5gt9sRWa/HQK+M4hj8kiQopo2VHmMCdY27smUqNhZ4k2iPSBfjbO0tlbveFBA9FgXbumtaXI6NiDiGUa1oNo2B7XhfYVwxzDx/I2dLSGdFEWajAQ==
wkCKKKEjdqgez6yZUg08CVJx9r6GWrpp0FfJROc5t+scQLq1nKEJ+rl+Voan3PrW8zninifFP1JNZXYZBmjds+Xf4i+PNXSjEw==
nElhuDe6xnFBDWQzeky+lq6M4hj8kiQopo2VHmMCdY27smUqNhZ4k2iPSBfjbO0tlbveFBA9FgXbumtaXI6NiDiGUa1oNo2B7XJfYVwxzDx/I2dLSGdFEWajAQ==
8hVqRurWJ9OYDv6TTkwEjnWesbKnqJB9MYWTc90+FyrYH0JOXzbd6OijhEVbEAriEqIWKTxv3ZRTUStLYGiuxah5ZXpVJmJ2s/QGdm/RVs4z/VOT4x3iyXJAwdPZN3afe21Yoz8=
ZW2mVdqo82/eH137WsXpB87RUkHLkaU+ij8oliEVVX1vSIffqgD3PkltszPFWfJEO44xr+v41wWjYA==
AYo/P7N348k49b8O/DuaiY9d8kREad3BNHTEIZs7jcWcZlk5QbkwmQjheJSjQ5sjnNfxyQqjbQ==
pz44Y0+tIR/JoqmuhgJqQuZ9eH0/wgTGkoSXmOBrAhDJ4YrpHpAbqxtCzsXkOix2GdaMt7ah04m8mwRuR+0+zoxTWlMBlHhdVRheCr/iOfaf9P3tTw89/bBAt0fKOOd2zqSjBiXBwkx7BsG3ywBHTaMo
RhPPtzHc9Psh/9aN09eGv+Z9eH0/wgTGkoSXmOBrAhDJ4YrpHpAbqxtCzsXkOix2GdaMt7ah04m8mwRuR+0+zoxTWlMBlHhdVRheCr/iOfab/erqTw89/bBAt0fKOOd2yqWjBiXBwkx7BsG3ywBHTaMo
jZNe8+WJ59bXXTGAVDWc/lJx9r6GWrpp0FfJROc5t+scQLq1nKEJ+rl+Voan3PrW8zninifFP1xOZXsZBmjds+Xf4i+PNXSjEw==
tyMpxZSzs8BJzkifE4hQzq6M4hj8kiQopo2VHmMCdY27smUqNhZ4k2iPSBfjbO0tlbveFBA9FgXbumtaXI6NiDiGUa1oNo2B7XxcYVExzDx/I2dLSGdFEWajAQ==
/H0L2U1OUvV62AR4gqQUpFJx9r6GWrpp0FfJROc5t+scQLq1nKEJ+rl+Voan3PrW8zninifFP1NOZXsZBmjds+Xf4i+PNXSjEw==
Dd7ojfFGsWDKhriMZWDHFK6M4hj8kiQopo2VHmMCdY27smUqNhZ4k2iPSBfjbO0tlbveFBA9FgXbumtaXI6NiDiGUa1oNo2B7XNcYVExzDx/I2dLSGdFEWajAQ==
/H0L2U1OUvV62AR4gqQUpFJx9r6GWrpp0FfJROc5t+scQLq1nKEJ+rl+Voan3PrW8zninifFP1NOZXsZBmjds+Xf4i+PNXSjEw==
Dd7ojfFGsWDKhriMZWDHFK6M4hj8kiQopo2VHmMCdY27smUqNhZ4k2iPSBfjbO0tlbveFBA9FgXbumtaXI6NiDiGUa1oNo2B7XNcYVExzDx/I2dLSGdFEWajAQ==
VhqNzQWycwZOWiYTQtBvdVJx9r6GWrpp0FfJROc5t+scQLq1nKEJ+rl+Voan3PrW8zninifFP1JOZXsZBmjds+Xf4i+PNXSjEw==
FAVDTGHvofHFpysQzKUz/6+M4hj8kiQopo2VHmMCdY27smUqNhZ4k2iPSBfjbO0tlbveFBA9FgXbumtaXI6NiDiGUa1oNo2B7XJcYVExzDx/I2dLSGdFEWajAQ==
VhqNzQWycwZOWiYTQtBvdVJx9r6GWrpp0FfJROc5t+scQLq1nKEJ+rl+Voan3PrW8zninifFP1JOZXsZBmjds+Xf4i+PNXSjEw==
TSDYxZZiWuDPGizX1PHcya6M4hj8kiQopo2VHmMCdY27smUqNhZ4k2iPSBfjbO0tlbveFBA9FgXbumtaXI6NiDiGUa1oNo2B7XJcYVExzDx/I2dLSGdFEWajAQ==
zEVK/xJ3tfvEyKnQoKxi1lJx9r6GWrpp0FfJROc5t+scQLq1nKEJ+rl+Voan3PrW8zninifFP1tJZXsZBmjds+Xf4i+PNXSjEw==
t0ISBzhyvYm2+nu4jcQPba6M4hj8kiQopo2VHmMCdY27smUqNhZ4k2iPSBfjbO0tlbveFBA9FgXbumtaXI6NiDiGUa1oNo2B7XtbYVExzDx/I2dLSGdFEWajAQ==
zEVK/xJ3tfvEyKnQoKxi1lJx9r6GWrpp0FfJROc5t+scQLq1nKEJ+rl+Voan3PrW8zninifFP1tJZXsZBmjds+Xf4i+PNXSjEw==
aodWmhQ016VPsfAcq1HPaK+M4hj8kiQopo2VHmMCdY27smUqNhZ4k2iPSBfjbO0tlbveFBA9FgXbumtaXI6NiDiGUa1oNo2B7XtbYVExzDx/I2dLSGdFEWajAQ==
cZIVhKgwIZyjdbVm4qcJglJx9r6GWrpp0FfJROc5t+scQLq1nKEJ+rl+Voan3PrW8zninifFP1pJZXsZBmjds+Xf4i+PNXSjEw==
eaoQOUX8PkhWm2yBnTBCV66M4hj8kiQopo2VHmMCdY27smUqNhZ4k2iPSBfjbO0tlbveFBA9FgXbumtaXI6NiDiGUa1oNo2B7XpbYVExzDx/I2dLSGdFEWajAQ==
MVs+Vi1KTI3CIhg5OQeQp1Jx9r6GWrpp0FfJROc5t+scQLq1nKEJ+rl+Voan3PrW8zninifFP1lJZXsZBmjds+Xf4i+PNXSjEw==
k+rPMu6U6gm6BWiqbSeTEq+M4hj8kiQopo2VHmMCdY27smUqNhZ4k2iPSBfjbO0tlbveFBA9FgXbumtaXI6NiDiGUa1oNo2B7XlbYVExzDx/I2dLSGdFEWajAQ==
weykGG0dA2AvTfWkaMdDGVJx9r6GWrpp0FfJROc5t+scQLq1nKEJ+rl+Voan3PrW8zninifFP1hJZXsZBmjds+Xf4i+PNXSjEw==
+3As5XxtCptcM6AbBUe+4K6M4hj8kiQopo2VHmMCdY27smUqNhZ4k2iPSBfjbO0tlbveFBA9FgXbumtaXI6NiDiGUa1oNo2B7XhbYVExzDx/I2dLSGdFEWajAQ==
EEfhbGBsB/ez8l3prSdmp1LG4MBbJiHUgnJZ44QNORkVEnDK38jzLUq5yYmPLhrArB3CeqoVflKjkRKie6guoMfAzUuugos0tQEzujtzowo=
L9bFgEOcos0QW+u02k/tyxs214V2NQrYWhL+qZSflfRLYVOLuPgWJeApjXo99qoWC2ReNpfhTi77jfsdja0n6Wqw+ZMBpw4/sz1woxc=
yTUQO7IyGmA3eP3xL8Zz7VJx9r6GWrpp0FfJROc5t+scQLq1nKEJ+rl+Voan3PrW8zninifFP1NJZXsZBmjds+Xf4i+PNXSjEw==
nnFAHMLqiagYOrJfD0o+uK+M4hj8kiQopo2VHmMCdY27smUqNhZ4k2iPSBfjbO0tlbveFBA9FgXbumtaXI6NiDiGUa1oNo2B7XNbYVExzDx/I2dLSGdFEWajAQ==
XNoHwMfBlmp6dg/pMEIeRhs214V2NQrYWhL+qZSflfRLYVOLuPgWJeApjXo99qoWC2ReNpfhTi77jfsajK0n6Wqw+ZMBpw4/sz1woxc=
E46OTNdMdrA1izwOFtp57lLG4MBbJiHUgnJZ44QNORkVEnDK38jzLUq5yYmPLhrArB3CeqoVflKjkRKie6gpocfAzUuugos0tQEzujtzowo=
UiJcT7C/uZABkQGJrHtOA1Jx9r6GWrpp0FfJROc5t+scQLq1nKEJ+rl+Voan3PrW8zninifFP1NIZXsZBmjds+Xf4i+PNXSjEw==
fcHisLRFAL6KMW9cxYtBKK6M4hj8kiQopo2VHmMCdY27smUqNhZ4k2iPSBfjbO0tlbveFBA9FgXbumtaXI6NiDiGUa1oNo2B7XNaYVExzDx/I2dLSGdFEWajAQ==
0GReXmyXYqXNA21ySa5ROVJx9r6GWrpp0FfJROc5t+scQLq1nKEJ+rl+Voan3PrW8zninifFP1tNZXoZBmjds+Xf4i+PNXSjEw==
DYqovkwiaEnZ7gTgOTTNM6+M4hj8kiQopo2VHmMCdY27smUqNhZ4k2iPSBfjbO0tlbveFBA9FgXbumtaXI6NiDiGUa1oNo2B7XtfYVAxzDx/I2dLSGdFEWajAQ==
XG4OO10bJEN38+jQBgvKRFJx9r6GWrpp0FfJROc5t+scQLq1nKEJ+rl+Voan3PrW8zninifFP1pNZXoZBmjds+Xf4i+PNXSjEw==
fcGc9aqjzgUdK65/Yx20866M4hj8kiQopo2VHmMCdY27smUqNhZ4k2iPSBfjbO0tlbveFBA9FgXbumtaXI6NiDiGUa1oNo2B7XpfYVAxzDx/I2dLSGdFEWajAQ==
OavxMLb3RMXCpk7FZQ2Nxi0QqiHREkUMChWLcQHjT4rtokKbwM7dskdgEhcW1cnksIqIBvSJXssHfOkleZuy3NSNcr0nOhfiuD7JwNSmPaVsJunZMb0DOfShSLTTw8sDjJdhaVqjPQ==
BqgZe8BU43z1dyLJ6ZBzPlLG4MBbJiHUgnJZ44QNORkVEnDK38jzLUq5yYmPLhrArB3CeqoVflKjkRKie6gtpMfBzUuugos0tQEzujtzowo=
W6EAW/GJFcxKPlBD7s0kflJx9r6GWrpp0FfJROc5t+scQLq1nKEJ+rl+Voan3PrW8zninifFP1hMZXoZBmjds+Xf4i+PNXSjEw==
1PSmkoM29gkopJV0yfmr/a+M4hj8kiQopo2VHmMCdY27smUqNhZ4k2iPSBfjbO0tlbveFBA9FgXbumtaXI6NiDiGUa1oNo2B7XheYVAxzDx/I2dLSGdFEWajAQ==
hN2Xo7lQxcX4Hyv6DNSYIVJx9r6GWrpp0FfJROc5t+scQLq1nKEJ+rl+Voan3PrW8zninifFP1pPZXoZBmjds+Xf4i+PNXSjEw==
0tuFI2CegffOSG4PAA/RgK6M4hj8kiQopo2VHmMCdY27smUqNhZ4k2iPSBfjbO0tlbveFBA9FgXbumtaXI6NiDiGUa1oNo2B7XpdYVAxzDx/I2dLSGdFEWajAQ==
utycscE5YWuazWoxpwbBN1Jx9r6GWrpp0FfJROc5t+scQLq1nKEJ+rl+Voan3PrW8zninifFP1lPZXoZBmjds+Xf4i+PNXSjEw==
kFdPPlnT5OQO7GPZzedpTa6M4hj8kiQopo2VHmMCdY27smUqNhZ4k2iPSBfjbO0tlbveFBA9FgXbumtaXI6NiDiGUa1oNo2B7XldYVAxzDx/I2dLSGdFEWajAQ==
utycscE5YWuazWoxpwbBN1Jx9r6GWrpp0FfJROc5t+scQLq1nKEJ+rl+Voan3PrW8zninifFP1lPZXoZBmjds+Xf4i+PNXSjEw==
TyY5N2z3bkmViNackB9QLa+M4hj8kiQopo2VHmMCdY27smUqNhZ4k2iPSBfjbO0tlbveFBA9FgXbumtaXI6NiDiGUa1oNo2B7XldYVAxzDx/I2dLSGdFEWajAQ==
L1IG06xH8A91FhT9DoYnnFJx9r6GWrpp0FfJROc5t+scQLq1nKEJ+rl+Voan3PrW8zninifFP1hPZXoZBmjds+Xf4i+PNXSjEw==
U776LYIXduKWwne5tzhWkq6M4hj8kiQopo2VHmMCdY27smUqNhZ4k2iPSBfjbO0tlbveFBA9FgXbumtaXI6NiDiGUa1oNo2B7XhdYVAxzDx/I2dLSGdFEWajAQ==
L1IG06xH8A91FhT9DoYnnFJx9r6GWrpp0FfJROc5t+scQLq1nKEJ+rl+Voan3PrW8zninifFP1hPZXoZBmjds+Xf4i+PNXSjEw==
r+fLCnGoZA11fCG4SvlPzq+M4hj8kiQopo2VHmMCdY27smUqNhZ4k2iPSBfjbO0tlbveFBA9FgXbumtaXI6NiDiGUa1oNo2B7XhdYVAxzDx/I2dLSGdFEWajAQ==
jqBD2PGPN09oEvCiPnsPzlJx9r6GWrpp0FfJROc5t+scQLq1nKEJ+rl+Voan3PrW8zninifFP19PZXoZBmjds+Xf4i+PNXSjEw==
9rPEiAkyWpyPYu5twTmmc66M4hj8kiQopo2VHmMCdY27smUqNhZ4k2iPSBfjbO0tlbveFBA9FgXbumtaXI6NiDiGUa1oNo2B7X9dYVAxzDx/I2dLSGdFEWajAQ==
jqBD2PGPN09oEvCiPnsPzlJx9r6GWrpp0FfJROc5t+scQLq1nKEJ+rl+Voan3PrW8zninifFP19PZXoZBmjds+Xf4i+PNXSjEw==
ZfX8OtxOvzaton0FTOvzNq+M4hj8kiQopo2VHmMCdY27smUqNhZ4k2iPSBfjbO0tlbveFBA9FgXbumtaXI6NiDiGUa1oNo2B7X9dYVAxzDx/I2dLSGdFEWajAQ==
9FlOXHsFSVbVdbtwPHIjQVJx9r6GWrpp0FfJROc5t+scQLq1nKEJ+rl+Voan3PrW8zninifFP15PZXoZBmjds+Xf4i+PNXSjEw==
elShEfnwNrASkIsRYYb18K6M4hj8kiQopo2VHmMCdY27smUqNhZ4k2iPSBfjbO0tlbveFBA9FgXbumtaXI6NiDiGUa1oNo2B7X5dYVAxzDx/I2dLSGdFEWajAQ==
toAw/idJlHP3q+/WS8J7HFJx9r6GWrpp0FfJROc5t+scQLq1nKEJ+rl+Voan3PrW8zninifFP11PZXoZBmjds+Xf4i+PNXSjEw==
/Lg0iwCA6Umi27L9a2lAEK+M4hj8kiQopo2VHmMCdY27smUqNhZ4k2iPSBfjbO0tlbveFBA9FgXbumtaXI6NiDiGUa1oNo2B7X1dYVAxzDx/I2dLSGdFEWajAQ==
toAw/idJlHP3q+/WS8J7HFJx9r6GWrpp0FfJROc5t+scQLq1nKEJ+rl+Voan3PrW8zninifFP11PZXoZBmjds+Xf4i+PNXSjEw==
rgymHfYljmbzP8tXOMTCHq6M4hj8kiQopo2VHmMCdY27smUqNhZ4k2iPSBfjbO0tlbveFBA9FgXbumtaXI6NiDiGUa1oNo2B7X1dYVAxzDx/I2dLSGdFEWajAQ==
Pz9HEh4URDE5QORuMcNao1Jx9r6GWrpp0FfJROc5t+scQLq1nKEJ+rl+Voan3PrW8zninifFP1xPZXoZBmjds+Xf4i+PNXSjEw==
roWZMYLI6vznzq/x9fgD36+M4hj8kiQopo2VHmMCdY27smUqNhZ4k2iPSBfjbO0tlbveFBA9FgXbumtaXI6NiDiGUa1oNo2B7XxdYVAxzDx/I2dLSGdFEWajAQ==
BgEJ86X2vSixW+uNLclZ0H0pOx2/MjCr6gkJ2W9eGtCMLYKqyuX+wgMh0vKb2C+25/6Om8dzC6QVsfPq2wOjGg==
EWUrYvMwghfu/UfjRDWovGsWx7IXWwJ7z4XtWadIz262IBCa0s1ZBQeqmlwUiTIWArEervslwu6z7G96vxr+Z0/nqwit9SO2M3ejFg==
NiohVNyUWBHW/sMeg9eDNq+M4hj8kiQopo2VHmMCdY27smUqNhZ4k2iPSBfjbO0tlbveFBA9FgXbumtaXI6NiDiGUa1oNo2B7X9dYV8yzDV+I2dLSGdFEWajAQ==
9Bo8Jf1qYOr5TK6c6pn8hlJx9r6GWrpp0FfJROc5t+scQLq1nKEJ+rl+Voan3PrW8zninifFP15PZXUaBmHcs+Xf4i+PNXSjEw==
PuGNF1qPlCk26AoYlpI7XK+M4hj8kiQopo2VHmMCdY27smUqNhZ4k2iPSBfjbO0tlbveFBA9FgXbumtaXI6NiDiGUa1oNo2B7X5dYV8yzDV+I2dLSGdFEWajAQ==
9Bo8Jf1qYOr5TK6c6pn8hlJx9r6GWrpp0FfJROc5t+scQLq1nKEJ+rl+Voan3PrW8zninifFP15PZXUaBmHcs+Xf4i+PNXSjEw==
uRzY9oJEUMuSwhuiqe7Qfa6M4hj8kiQopo2VHmMCdY27smUqNhZ4k2iPSBfjbO0tlbveFBA9FgXbumtaXI6NiDiGUa1oNo2B7X5dYV8yzDV+I2dLSGdFEWajAQ==
f1CRHgF7BXO5CY77tnae/VJx9r6GWrpp0FfJROc5t+scQLq1nKEJ+rl+Voan3PrW8zninifFP11PZXUaBmHcs+Xf4i+PNXSjEw==
hs5lSB/A9ts6hae4x+Oq1a6M4hj8kiQopo2VHmMCdY27smUqNhZ4k2iPSBfjbO0tlbveFBA9FgXbumtaXI6NiDiGUa1oNo2B7X1dYV8yzDV+I2dLSGdFEWajAQ==
rQ4BfaBU1J5g1Ysys2VsJlJx9r6GWrpp0FfJROc5t+scQLq1nKEJ+rl+Voan3PrW8zninifFP1xPZXUaBmHcs+Xf4i+PNXSjEw==
p14mGqAPf7bn+YkOoUBcc6+M4hj8kiQopo2VHmMCdY27smUqNhZ4k2iPSBfjbO0tlbveFBA9FgXbumtaXI6NiDiGUa1oNo2B7XxdYV8yzDV+I2dLSGdFEWajAQ==
VtRjpxnp6+8vMk6ZBvKRzlJx9r6GWrpp0FfJROc5t+scQLq1nKEJ+rl+Voan3PrW8zninifFP1NOZXUaBmHcs+Xf4i+PNXSjEw==
ad/7qZCm9QgSkIYL+sFjD66M4hj8kiQopo2VHmMCdY27smUqNhZ4k2iPSBfjbO0tlbveFBA9FgXbumtaXI6NiDiGUa1oNo2B7XNcYV8yzDV+I2dLSGdFEWajAQ==
VtRjpxnp6+8vMk6ZBvKRzlJx9r6GWrpp0FfJROc5t+scQLq1nKEJ+rl+Voan3PrW8zninifFP1NOZXUaBmHcs+Xf4i+PNXSjEw==
+bPk03iEEXS+wH5jSd2DI6+M4hj8kiQopo2VHmMCdY27smUqNhZ4k2iPSBfjbO0tlbveFBA9FgXbumtaXI6NiDiGUa1oNo2B7XNcYV8yzDV+I2dLSGdFEWajAQ==
4Oetw33oDLQksGKq/zoyZ1Jx9r6GWrpp0FfJROc5t+scQLq1nKEJ+rl+Voan3PrW8zninifFP1JOZXUaBmHcs+Xf4i+PNXSjEw==
GcbkOx2mCyLclNcB5s4iLa6M4hj8kiQopo2VHmMCdY27smUqNhZ4k2iPSBfjbO0tlbveFBA9FgXbumtaXI6NiDiGUa1oNo2B7XJcYV8yzDV+I2dLSGdFEWajAQ==
2sl3fhPHb4Aqsm/AWYwx9VJx9r6GWrpp0FfJROc5t+scQLq1nKEJ+rl+Voan3PrW8zninifFP19JZXUaBmHcs+Xf4i+PNXSjEw==
15S4IxG0ynsubbIxEoaMD6+M4hj8kiQopo2VHmMCdY27smUqNhZ4k2iPSBfjbO0tlbveFBA9FgXbumtaXI6NiDiGUa1oNo2B7X9bYV8yzDV+I2dLSGdFEWajAQ==
tuZDVjIxY9BopjBNRowgAlJx9r6GWrpp0FfJROc5t+scQLq1nKEJ+rl+Voan3PrW8zninifFP15JZXUaBmHcs+Xf4i+PNXSjEw==
NHWd5RdINmPGQVb6qStF2a6M4hj8kiQopo2VHmMCdY27smUqNhZ4k2iPSBfjbO0tlbveFBA9FgXbumtaXI6NiDiGUa1oNo2B7X5bYV8yzDV+I2dLSGdFEWajAQ==
tuZDVjIxY9BopjBNRowgAlJx9r6GWrpp0FfJROc5t+scQLq1nKEJ+rl+Voan3PrW8zninifFP15JZXUaBmHcs+Xf4i+PNXSjEw==
iR/2SBuVVMba70Nol1tUgK+M4hj8kiQopo2VHmMCdY27smUqNhZ4k2iPSBfjbO0tlbveFBA9FgXbumtaXI6NiDiGUa1oNo2B7X5bYV8yzDV+I2dLSGdFEWajAQ==
K504xwW55iUlLuG53ZPgZVJx9r6GWrpp0FfJROc5t+scQLq1nKEJ+rl+Voan3PrW8zninifFP11JZXUaBmHcs+Xf4i+PNXSjEw==
3QQs2l9x0QsVjtFArqOyUa6M4hj8kiQopo2VHmMCdY27smUqNhZ4k2iPSBfjbO0tlbveFBA9FgXbumtaXI6NiDiGUa1oNo2B7X1bYV8yzDV+I2dLSGdFEWajAQ==
K504xwW55iUlLuG53ZPgZVJx9r6GWrpp0FfJROc5t+scQLq1nKEJ+rl+Voan3PrW8zninifFP11JZXUaBmHcs+Xf4i+PNXSjEw==
8GWz0nU1aRxKZZf1gLsRxK+M4hj8kiQopo2VHmMCdY27smUqNhZ4k2iPSBfjbO0tlbveFBA9FgXbumtaXI6NiDiGUa1oNo2B7X1bYV8yzDV+I2dLSGdFEWajAQ==
EIosQyQTXoxZTrHn8ZYqPlJx9r6GWrpp0FfJROc5t+scQLq1nKEJ+rl+Voan3PrW8zninifFP1xJZXUaBmHcs+Xf4i+PNXSjEw==
tjWeRTu6z8i6LoQK9I3L4a6M4hj8kiQopo2VHmMCdY27smUqNhZ4k2iPSBfjbO0tlbveFBA9FgXbumtaXI6NiDiGUa1oNo2B7XxbYV8yzDV+I2dLSGdFEWajAQ==
NUFZWXJW38U5gRVd2AdX01Jx9r6GWrpp0FfJROc5t+scQLq1nKEJ+rl+Voan3PrW8zninifFP1JJZXUaBmHcs+Xf4i+PNXSjEw==
f4GycZSyVU8+JLeMORXyoq+M4hj8kiQopo2VHmMCdY27smUqNhZ4k2iPSBfjbO0tlbveFBA9FgXbumtaXI6NiDiGUa1oNo2B7XJbYV8yzDV+I2dLSGdFEWajAQ==
Gv2avzXFkjGRLo4kuTNOoRs214V2NQrYWhL+qZSflfRLYVOLuPgWJeApjXo99qoWC2ReNpfhTi77jfsbjK0p6mq5+JMBpw4/sz1woxc=
rz9WMCLkly0BfIoqrgYSGVLG4MBbJiHUgnJZ44QNORkVEnDK38jzLUq5yYmPLhrArB3CeqoVflKjkRKie6grocfOzkung4s0tQEzujtzowo=
8j1DcAsJoBPsmW4b/q0Pfztw2o5roGwPdEpMWxbmxa9WDgsc3M2Bk2+6DfdY8ejQ5GeqDW9bLqPZo2IOFUDgojHhPfnPDG+rerR/2gyJuwsWLRMBG4pZW3tMH2GjBA==
5KrUOQygWBy1QFb6vEONlx+zeuFcYXO7qSFU1IL+N7/9P08j3jWEAqvpSj6fdbfcxhWCeu4xBPPd78oPlyV8oxs=
bnSC25Pdq3LmQD3OzqLwbM7RUkHLkaU+ij8oliEVVX1vSIffqgD3Pkxtsz/GWftFO44xr+v41wWjYA==
hxNchOrdPiy2sbMqeia7YY9d8kREad3BNHTEIZs7jcWcZlk5QbwwmQTieJ2iQ5sjnNfxyQqjbQ==
oJicSGWy7gG95+EwDFYNnztw2o5roGwPdEpMWxbmxa9WDgsc3M2Bk2+6DfdY8ejQ5GeqDW9bLqPZo2IOFUDgojHhPfnPDG+rerR/2giOuwsWLRMBG4pZW3tMH2GjBA==
FfyyWrtK9muOAk0c5XhZR87RUkHLkaU+ij8oliEVVX1vSIffqgD3Pkhqsz/GWftFO44xr+v41wWjYA==
Glb2zaaERYCloJPKW93QDI9d8kREad3BNHTEIZs7jcWcZlk5Qbg3mQTieJ2iQ5sjnNfxyQqjbQ==
6llc6BxYZZGZ1HcGrg5edB+zeuFcYXO7qSFU1IL+N7/9P08j3jWEAqvpSj6fdbfYwRWCeu4xBPPd78oPlyV8oxs=
WxnwtNiU45nXHu3gqzbob/ctNglVOD0TPI8UR9ypi1QRI7M1QvbE406zandPkbZOUz1zkwVdTkrSCSDT+ffWH5steKMf
uXmi6qFeOexAz5ID7nIIaDthThp2YmkyY/GSwrvII8AHoU4rZ+OLVHVhs9r7E6Nq
B7CnEFA4VG8dupv5qcLjoc7RUkHLkaU+ij8oliEVVX1vSIffqgD3PkNqsz/GWftFO44xr+v41wWjYA==
iTnsh+xKR+CZ4JLUNGrvZo9d8kREad3BNHTEIZs7jcWcZlk5QbM3mQTieJ2iQ5sjnNfxyQqjbQ==
0yX6/+ARco3MeTD1vkgSjvrAoBn2jzM/4JazGXkAHcm/smU4IR0iiWTBSwTja+IzireCFVUsDx/t9RxKWpuQjzSHUa1oNo2B7XNbYVAyzDV+I2dLSGdFEWajAQ==
fSt+EC+2L+9pCIBn7A3oJuAhp0FhtEEthJFmFjWV/5iLRUkCE5S3hYRlwqHt6EUzNJ/8B3RZA/TJU6s1WgacQ8bDwrcngb5uq23LE32NdiraGQgTkUdef0MdYKMH
C9Unlaz5raWjHbQB/CewJ8kSiGRQhmA3s5FmFjWV/5iLRUkCE5S3hYRlwqHt6EUzNJ/8B3RZA/TJU6s1WgacQ8bDwrcngb5uq23LE32NdiraGQgTkUdef0MdYKMH
mlrZD5SOfpYqOddfCqlN9Cy9lQathGIWMZ3jiGd9LSL3zJt1uC0GYamguYNYR1hn0KGvZFXbL7XejgDTartmV4PZUt7XpQ9TOUVKWvbBbDN1fzJvXxVkowM=
9PaghN38bwvl0yP0R0jrxDHe5PvT8cM9bd3TNrhiRmGEUl4WDWXH+KO1gUJbRB/lHPVaIXV43ZNcTzRHPGnr1LFjUzUiNmRjrvMKd2/RVs4z/VOT5R3uynJJwNPZN3afe21Yoz8=
PuiJgoRvlLF9HPiJMj5dV5yzTw1KpHa8NZdfPKyFLM6+mdZMJwQ87vO+ipIeRCnpyy1xpKqO52G5Gx9lQwDo1E201QNUR4eDlRVfhust4ibjROPU793eb1/P66A9fYN+Y1+jPg==
9CGGyBjndzCsLqVEbFlzjZGTh++VDSi/sMAj8jWL5MeZTjpAn2hSFgF908jXnZ2iZyxLNejNFmG5gGnDCOfI56ABXyQl+9+1rq7wExobltcTeYIeh4UfUyklmpqmofyzxR+Cr291VKMz
ut1X8YYq3O3aEDWb1z+9lwl+bz9ce25+TeGGoEQFOva3uedQLrXOPFEuKcXx5ApvievfN0sw48mJ2Sxxv2yiBHlox38q4LceQ0pzX0b5O2U7bnFPa1gXZaMA
